<?xml version="1.0" encoding="UTF-8"?>
<!-- Generated by org.testng.reporters.JUnitXMLReporter -->
<testsuite ignored="0" hostname="chitralekha" failures="0" tests="6" name="Test" time="0.061" errors="0" timestamp="2020-08-20T14:31:46 IST">
  <testcase classname="testNG.Maven.SeleniumTest" name="seleniumTest1" time="0.005"/>
  <testcase classname="testNG.Maven.SeleniumTest" name="seleniumTest2" time="0.0"/>
  <testcase classname="testNG.Maven.AppiumTest" name="appiumTestt1" time="0.001"/>
  <testcase classname="testNG.Maven.AppiumTest" name="appiumTestt2" time="0.001"/>
  <testcase classname="testNG.Maven.ApiTest" name="apiTest1" time="0.0"/>
  <testcase classname="testNG.Maven.ApiTest" name="apiTest2" time="0.0"/>
</testsuite> <!-- Test -->
