<?xml version="1.0" encoding="UTF-8"?>
<testsuite xmlns:xsi="http://www.w3.org/2001/XMLSchema-instance" xsi:noNamespaceSchemaLocation="https://maven.apache.org/surefire/maven-surefire-plugin/xsd/surefire-test-report.xsd" name="TestSuite" time="1.615" tests="6" errors="0" skipped="0" failures="0">
  <properties>
[...]
</properties>
  <testcase name="seleniumTest1" classname="testNG.Maven.SeleniumTest" time="0.008"/>
  <testcase name="seleniumTest2" classname="testNG.Maven.SeleniumTest" time="0.001"/>
  <testcase name="appiumTestt1" classname="testNG.Maven.AppiumTest" time="0.003"/>
  <testcase name="appiumTestt2" classname="testNG.Maven.AppiumTest" time="0.003"/>
  <testcase name="apiTest1" classname="testNG.Maven.ApiTest" time="0.004"/>
  <testcase name="apiTest2" classname="testNG.Maven.ApiTest" time="0.085"/>
</testsuite>