<?xml version="1.0" encoding="UTF-8"?>
<testng-results ignored="0" total="2" passed="2" failed="0" skipped="0">
  <reporter-output>
  </reporter-output>
  <suite started-at="2020-08-20T11:02:26 IST" name="Suite" finished-at="2020-08-20T11:02:26 IST" duration-ms="87">
    <groups>
    </groups>
    <test started-at="2020-08-20T11:02:26 IST" name="Test" finished-at="2020-08-20T11:02:26 IST" duration-ms="87">
      <class name="testNG.Maven.apiTest">
        <test-method signature="apiTest1()[pri:0, instance:testNG.Maven.apiTest@37e547da]" started-at="2020-08-20T11:02:26 IST" name="apiTest1" finished-at="2020-08-20T11:02:26 IST" duration-ms="20" status="PASS">
          <reporter-output>
          </reporter-output>
        </test-method> <!-- apiTest1 -->
        <test-method signature="apiTest2()[pri:0, instance:testNG.Maven.apiTest@37e547da]" started-at="2020-08-20T11:02:26 IST" name="apiTest2" finished-at="2020-08-20T11:02:26 IST" duration-ms="5" status="PASS">
          <reporter-output>
          </reporter-output>
        </test-method> <!-- apiTest2 -->
      </class> <!-- testNG.Maven.apiTest -->
    </test> <!-- Test -->
  </suite> <!-- Suite -->
</testng-results>
